0 info it worked if it ends with ok
1 verbose cli [ '/usr/local/bin/node',
1 verbose cli   '/usr/local/bin/npm',
1 verbose cli   'install',
1 verbose cli   '-g',
1 verbose cli   'meteor-npm' ]
2 info using npm@2.14.7
3 info using node@v4.2.2
4 verbose install initial load of /usr/local/lib/package.json
5 verbose readDependencies loading dependencies from /usr/local/lib/package.json
6 silly cache add args [ 'meteor-npm', null ]
7 verbose cache add spec meteor-npm
8 silly cache add parsed spec Result {
8 silly cache add   raw: 'meteor-npm',
8 silly cache add   scope: null,
8 silly cache add   name: 'meteor-npm',
8 silly cache add   rawSpec: '',
8 silly cache add   spec: '*',
8 silly cache add   type: 'range' }
9 silly addNamed meteor-npm@*
10 verbose addNamed "*" is a valid semver range for meteor-npm
11 silly addNameRange { name: 'meteor-npm', range: '*', hasData: false }
12 silly mapToRegistry name meteor-npm
13 silly mapToRegistry using default registry
14 silly mapToRegistry registry https://registry.npmjs.org/
15 silly mapToRegistry uri https://registry.npmjs.org/meteor-npm
16 verbose addNameRange registry:https://registry.npmjs.org/meteor-npm not in flight; fetching
17 verbose request uri https://registry.npmjs.org/meteor-npm
18 verbose request no auth needed
19 info attempt registry request try #1 at 5:31:41 PM
20 verbose request id 6778c1f994acd3df
21 http request GET https://registry.npmjs.org/meteor-npm
22 http 200 https://registry.npmjs.org/meteor-npm
23 verbose headers { server: 'nginx/1.10.1',
23 verbose headers   'content-type': 'application/json',
23 verbose headers   'last-modified': 'Thu, 04 Sep 2014 13:36:50 GMT',
23 verbose headers   etag: 'W/"54086af2-2d29"',
23 verbose headers   'content-encoding': 'gzip',
23 verbose headers   'cache-control': 'max-age=300',
23 verbose headers   'content-length': '2752',
23 verbose headers   'accept-ranges': 'bytes',
23 verbose headers   date: 'Fri, 25 Nov 2016 22:31:41 GMT',
23 verbose headers   via: '1.1 varnish',
23 verbose headers   age: '0',
23 verbose headers   connection: 'keep-alive',
23 verbose headers   'x-served-by': 'cache-iad2632-IAD',
23 verbose headers   'x-cache': 'MISS',
23 verbose headers   'x-cache-hits': '0',
23 verbose headers   'x-timer': 'S1480113101.651106,VS0,VE17',
23 verbose headers   vary: 'Accept-Encoding' }
24 silly get cb [ 200,
24 silly get   { server: 'nginx/1.10.1',
24 silly get     'content-type': 'application/json',
24 silly get     'last-modified': 'Thu, 04 Sep 2014 13:36:50 GMT',
24 silly get     etag: 'W/"54086af2-2d29"',
24 silly get     'content-encoding': 'gzip',
24 silly get     'cache-control': 'max-age=300',
24 silly get     'content-length': '2752',
24 silly get     'accept-ranges': 'bytes',
24 silly get     date: 'Fri, 25 Nov 2016 22:31:41 GMT',
24 silly get     via: '1.1 varnish',
24 silly get     age: '0',
24 silly get     connection: 'keep-alive',
24 silly get     'x-served-by': 'cache-iad2632-IAD',
24 silly get     'x-cache': 'MISS',
24 silly get     'x-cache-hits': '0',
24 silly get     'x-timer': 'S1480113101.651106,VS0,VE17',
24 silly get     vary: 'Accept-Encoding' } ]
25 verbose get saving meteor-npm to /Users/rcaudill/.npm/registry.npmjs.org/meteor-npm/.cache.json
26 silly addNameRange number 2 { name: 'meteor-npm', range: '*', hasData: true }
27 silly addNameRange versions [ 'meteor-npm',
27 silly addNameRange   [ '0.1.1',
27 silly addNameRange     '0.1.5',
27 silly addNameRange     '0.1.6',
27 silly addNameRange     '0.1.7',
27 silly addNameRange     '0.1.8',
27 silly addNameRange     '0.1.9',
27 silly addNameRange     '0.1.10',
27 silly addNameRange     '0.1.11' ] ]
28 silly addNamed meteor-npm@0.1.11
29 verbose addNamed "0.1.11" is a plain semver version for meteor-npm
30 silly mapToRegistry name meteor-npm
31 silly mapToRegistry using default registry
32 silly mapToRegistry registry https://registry.npmjs.org/
33 silly mapToRegistry uri https://registry.npmjs.org/meteor-npm
34 verbose addRemoteTarball https://registry.npmjs.org/meteor-npm/-/meteor-npm-0.1.11.tgz not in flight; adding
35 verbose addRemoteTarball [ 'https://registry.npmjs.org/meteor-npm/-/meteor-npm-0.1.11.tgz',
35 verbose addRemoteTarball   'f3acb9ce359921298803f9d1155cc18acd5034c3' ]
36 info retry fetch attempt 1 at 5:31:41 PM
37 info attempt registry request try #1 at 5:31:41 PM
38 http fetch GET https://registry.npmjs.org/meteor-npm/-/meteor-npm-0.1.11.tgz
39 http fetch 200 https://registry.npmjs.org/meteor-npm/-/meteor-npm-0.1.11.tgz
40 silly fetchAndShaCheck shasum f3acb9ce359921298803f9d1155cc18acd5034c3
41 verbose addTmpTarball /var/folders/w3/55j29yhs3n7cdtwfd77ylfr1hcmp49/T/npm-71935-8d5dec15/registry.npmjs.org/meteor-npm/-/meteor-npm-0.1.11.tgz not in flight; adding
42 verbose addTmpTarball already have metadata; skipping unpack for meteor-npm@0.1.11
43 silly cache afterAdd meteor-npm@0.1.11
44 verbose afterAdd /Users/rcaudill/.npm/meteor-npm/0.1.11/package/package.json not in flight; writing
45 verbose afterAdd /Users/rcaudill/.npm/meteor-npm/0.1.11/package/package.json written
46 silly install resolved [ { name: 'meteor-npm',
46 silly install resolved     version: '0.1.11',
46 silly install resolved     description: 'Complete NPM support for Meteor',
46 silly install resolved     bin: { 'meteor-npm': './bin/meteor-npm' },
46 silly install resolved     author:
46 silly install resolved      { name: 'Arunoda Susiripala',
46 silly install resolved        email: 'arunoda.susiripala@gmail.com' },
46 silly install resolved     dependencies: { rimraf: '2.x', mkdirp: '0.3.x' },
46 silly install resolved     repository:
46 silly install resolved      { type: 'git',
46 silly install resolved        url: 'git://github.com/meteorhacks/meteor-npm.git' },
46 silly install resolved     bugs: { url: 'https://github.com/meteorhacks/meteor-npm/issues' },
46 silly install resolved     homepage: 'https://github.com/meteorhacks/meteor-npm',
46 silly install resolved     _id: 'meteor-npm@0.1.11',
46 silly install resolved     _shasum: 'f3acb9ce359921298803f9d1155cc18acd5034c3',
46 silly install resolved     _from: 'meteor-npm@*',
46 silly install resolved     _npmVersion: '1.4.14',
46 silly install resolved     _npmUser: { name: 'arunoda', email: 'arunoda.susiripala@gmail.com' },
46 silly install resolved     maintainers: [ [Object] ],
46 silly install resolved     dist:
46 silly install resolved      { shasum: 'f3acb9ce359921298803f9d1155cc18acd5034c3',
46 silly install resolved        tarball: 'https://registry.npmjs.org/meteor-npm/-/meteor-npm-0.1.11.tgz' },
46 silly install resolved     directories: {},
46 silly install resolved     _resolved: 'https://registry.npmjs.org/meteor-npm/-/meteor-npm-0.1.11.tgz' } ]
47 info install meteor-npm@0.1.11 into /usr/local/lib
48 info installOne meteor-npm@0.1.11
49 verbose installOne of meteor-npm to /usr/local/lib not in flight; installing
50 verbose lock using /Users/rcaudill/.npm/_locks/meteor-npm-3c34499a126deb97.lock for /usr/local/lib/node_modules/meteor-npm
51 silly install write writing meteor-npm 0.1.11 to /usr/local/lib/node_modules/meteor-npm
52 verbose unbuild lib/node_modules/meteor-npm
53 silly gentlyRm /usr/local/lib/node_modules/meteor-npm is being purged from base /usr/local
54 verbose gentlyRm don't care about contents; nuking /usr/local/lib/node_modules/meteor-npm
55 verbose tar unpack /Users/rcaudill/.npm/meteor-npm/0.1.11/package.tgz
56 verbose tar unpacking to /usr/local/lib/node_modules/meteor-npm
57 silly gentlyRm /usr/local/lib/node_modules/meteor-npm is being purged
58 verbose gentlyRm don't care about contents; nuking /usr/local/lib/node_modules/meteor-npm
59 silly gunzTarPerm modes [ '755', '644' ]
60 error tar.unpack untar error /Users/rcaudill/.npm/meteor-npm/0.1.11/package.tgz
61 verbose unlock done using /Users/rcaudill/.npm/_locks/meteor-npm-3c34499a126deb97.lock for /usr/local/lib/node_modules/meteor-npm
62 verbose fstream_path /usr/local/lib/node_modules/meteor-npm
63 verbose fstream_type Directory
64 verbose fstream_class DirWriter
65 verbose stack Error: EACCES: permission denied, mkdir '/usr/local/lib/node_modules/meteor-npm'
65 verbose stack     at Error (native)
66 verbose fstream_stack /usr/local/lib/node_modules/npm/node_modules/fstream/lib/dir-writer.js:35:25
66 verbose fstream_stack /usr/local/lib/node_modules/npm/node_modules/mkdirp/index.js:47:53
66 verbose fstream_stack FSReqWrap.oncomplete (fs.js:82:15)
67 verbose cwd /Users/rcaudill/doorbell-websetup-meteor
68 error Darwin 15.6.0
69 error argv "/usr/local/bin/node" "/usr/local/bin/npm" "install" "-g" "meteor-npm"
70 error node v4.2.2
71 error npm  v2.14.7
72 error path /usr/local/lib/node_modules/meteor-npm
73 error code EACCES
74 error errno -13
75 error syscall mkdir
76 error Error: EACCES: permission denied, mkdir '/usr/local/lib/node_modules/meteor-npm'
76 error     at Error (native)
76 error  { [Error: EACCES: permission denied, mkdir '/usr/local/lib/node_modules/meteor-npm']
76 error   errno: -13,
76 error   code: 'EACCES',
76 error   syscall: 'mkdir',
76 error   path: '/usr/local/lib/node_modules/meteor-npm',
76 error   fstream_type: 'Directory',
76 error   fstream_path: '/usr/local/lib/node_modules/meteor-npm',
76 error   fstream_class: 'DirWriter',
76 error   fstream_stack:
76 error    [ '/usr/local/lib/node_modules/npm/node_modules/fstream/lib/dir-writer.js:35:25',
76 error      '/usr/local/lib/node_modules/npm/node_modules/mkdirp/index.js:47:53',
76 error      'FSReqWrap.oncomplete (fs.js:82:15)' ] }
77 error Please try running this command again as root/Administrator.
78 verbose exit [ -13, true ]
79 verbose unbuild lib/node_modules/meteor-npm
80 silly gentlyRm /usr/local/lib/node_modules/meteor-npm is being purged from base /usr/local
81 verbose gentlyRm don't care about contents; nuking /usr/local/lib/node_modules/meteor-npm
